# Logfile created on Mon Feb 11 20:52:15 -0500 2008WARNING: You're using the Ruby-based MySQL library that ships with Rails. This library is not suited for production. Please install the C-based MySQL library instead (gem install mysql).
  [4;36;1mSQL (0.000000)[0m   [0;1mSET SQL_AUTO_IS_NULL=0[0m
  [4;35;1mSQL (0.000000)[0m   [0mMysql::Error: #42S01Table 'schema_info' already exists: CREATE TABLE `schema_info` (version int(11))[0m
  [4;36;1mSQL (0.110000)[0m   [0;1mSELECT version FROM schema_info[0m
  [4;35;1mSQL (0.001000)[0m   [0mSELECT version FROM schema_info[0m
  [4;36;1mSQL (0.001000)[0m   [0;1mSELECT version FROM schema_info[0m
  [4;35;1mSQL (0.004000)[0m   [0mSELECT * FROM schema_info[0m
  [4;36;1mSQL (0.001000)[0m   [0;1mSHOW TABLES[0m
  [4;35;1mSQL (0.069000)[0m   [0mSHOW FIELDS FROM `monthly_details`[0m
  [4;36;1mSQL (0.036000)[0m   [0;1mdescribe `monthly_details`[0m
  [4;35;1mSQL (0.015000)[0m   [0mSHOW KEYS FROM `monthly_details`[0m
  [4;36;1mSQL (0.062000)[0m   [0;1mSHOW FIELDS FROM `projects`[0m
  [4;35;1mSQL (0.020000)[0m   [0mdescribe `projects`[0m
  [4;36;1mSQL (0.003000)[0m   [0;1mSHOW KEYS FROM `projects`[0m
  [4;35;1mSQL (0.032000)[0m   [0mSHOW FIELDS FROM `tasks`[0m
  [4;36;1mSQL (0.013000)[0m   [0;1mdescribe `tasks`[0m
  [4;35;1mSQL (0.010000)[0m   [0mSHOW KEYS FROM `tasks`[0m
  [4;36;1mSQL (0.000000)[0m   [0;1mSET SQL_AUTO_IS_NULL=0[0m
  [4;35;1mSQL (0.351000)[0m   [0mDROP DATABASE IF EXISTS `evm_portal_test`[0m
  [4;36;1mSQL (0.399000)[0m   [0;1mCREATE DATABASE `evm_portal_test` DEFAULT CHARACTER SET `utf8`[0m
  [4;35;1mSQL (0.012000)[0m   [0mSET SQL_AUTO_IS_NULL=0[0m
  [4;36;1mSQL (0.000000)[0m   [0;1mMysql::Error: #42S02Unknown table 'monthly_details': DROP TABLE `monthly_details`[0m
  [4;35;1mSQL (0.169000)[0m   [0mCREATE TABLE `monthly_details` (`id` int(11) DEFAULT NULL auto_increment PRIMARY KEY, `date` date DEFAULT NULL, `planned_complete_in_dollars` int(11) DEFAULT NULL, `actual_completed_in_dollars` int(11) DEFAULT NULL, `actual_spent_in_dollars` int(11) DEFAULT NULL, `task_id` int(11) NOT NULL, `created_at` datetime DEFAULT NULL, `updated_at` datetime DEFAULT NULL) ENGINE=InnoDB[0m
  [4;36;1mSQL (0.000000)[0m   [0;1mMysql::Error: #42S02Unknown table 'projects': DROP TABLE `projects`[0m
  [4;35;1mSQL (0.136000)[0m   [0mCREATE TABLE `projects` (`id` int(11) DEFAULT NULL auto_increment PRIMARY KEY, `name` varchar(255) DEFAULT NULL, `start_date` date DEFAULT NULL, `end_date` date DEFAULT NULL, `total_budget` int(11) DEFAULT NULL, `created_at` datetime DEFAULT NULL, `updated_at` datetime DEFAULT NULL) ENGINE=InnoDB[0m
  [4;36;1mSQL (0.000000)[0m   [0;1mMysql::Error: #42S02Unknown table 'tasks': DROP TABLE `tasks`[0m
  [4;35;1mSQL (0.107000)[0m   [0mCREATE TABLE `tasks` (`id` int(11) DEFAULT NULL auto_increment PRIMARY KEY, `name` varchar(255) DEFAULT NULL, `start_date` date DEFAULT NULL, `end_date` date DEFAULT NULL, `budget` int(11) DEFAULT NULL, `project_id` int(11) NOT NULL, `created_at` datetime DEFAULT NULL, `updated_at` datetime DEFAULT NULL) ENGINE=InnoDB[0m
  [4;36;1mSQL (0.214000)[0m   [0;1mCREATE TABLE `schema_info` (version int(11))[0m
  [4;35;1mSQL (0.123000)[0m   [0mINSERT INTO `schema_info` (version) VALUES(0)[0m
  [4;36;1mSQL (0.006000)[0m   [0;1mSHOW FIELDS FROM `schema_info`[0m
  [4;35;1mSQL (0.079000)[0m   [0mUPDATE schema_info SET version = 3[0m
WARNING: You're using the Ruby-based MySQL library that ships with Rails. This library is not suited for production. Please install the C-based MySQL library instead (gem install mysql).
  [4;36;1mSQL (0.000000)[0m   [0;1mSET SQL_AUTO_IS_NULL=0[0m
  [4;35;1mSQL (0.002000)[0m   [0mSHOW TABLES[0m
  [4;36;1mProject Columns (0.012000)[0m   [0;1mSHOW FIELDS FROM `projects`[0m
  [4;35;1mSQL (0.001000)[0m   [0mSHOW TABLES[0m


Processing ProjectsController#index (for 127.0.0.1 at 2008-02-11 21:29:01) [GET]
  Session ID: afbc0dc6315cb7046c756c3eaf52ec1a
  Parameters: {"action"=>"index", "controller"=>"projects"}
WARNING: You're using the Ruby-based MySQL library that ships with Rails. This library is not suited for production. Please install the C-based MySQL library instead (gem install mysql).
  [4;36;1mSQL (0.016000)[0m   [0;1mSET SQL_AUTO_IS_NULL=0[0m
  [4;35;1mSQL (0.030000)[0m   [0mSHOW TABLES[0m
  [4;36;1mProject Columns (0.019000)[0m   [0;1mSHOW FIELDS FROM `projects`[0m
  [4;35;1mSQL (0.003000)[0m   [0mSHOW TABLES[0m
  [4;36;1mProject Load (0.026000)[0m   [0;1mSELECT * FROM `projects` ORDER BY updated_at DESC LIMIT 10[0m
  [4;35;1mProject Load (0.015000)[0m   [0mSELECT * FROM `projects` [0m
Rendering template within layouts/application
Rendering projects/index
  [4;36;1mTask Load (0.028000)[0m   [0;1mSELECT * FROM `tasks` WHERE (tasks.project_id = 749756787) [0m
  [4;35;1mTask Columns (0.030000)[0m   [0mSHOW FIELDS FROM `tasks`[0m
  [4;36;1mMonthlyDetail Columns (0.017000)[0m   [0;1mSHOW FIELDS FROM `monthly_details`[0m
  [4;35;1mMonthlyDetail Load (0.007000)[0m   [0mSELECT * FROM `monthly_details` WHERE (monthly_details.task_id = 831275339) AND (`monthly_details`.`date` = '2008-01-01') LIMIT 1[0m
  [4;36;1mMonthlyDetail Load (0.002000)[0m   [0;1mSELECT * FROM `monthly_details` WHERE (monthly_details.task_id = 874482575) AND (`monthly_details`.`date` = '2008-01-01') LIMIT 1[0m
Rendered projects/_project (0.17700)
  [4;35;1mTask Load (0.029000)[0m   [0mSELECT * FROM `tasks` WHERE (tasks.project_id = 1043718716) [0m
Rendered projects/_project (0.03300)
  [4;36;1mTask Load (0.003000)[0m   [0;1mSELECT * FROM `tasks` WHERE (tasks.project_id = 1060557696) [0m
  [4;35;1mMonthlyDetail Load (0.011000)[0m   [0mSELECT * FROM `monthly_details` WHERE (monthly_details.task_id = 525404037) AND (`monthly_details`.`date` = '2008-01-01') LIMIT 1[0m
  [4;36;1mMonthlyDetail Load (0.004000)[0m   [0;1mSELECT * FROM `monthly_details` WHERE (monthly_details.task_id = 568611273) AND (`monthly_details`.`date` = '2008-01-01') LIMIT 1[0m
Rendered projects/_project (0.02500)
  [4;35;1mTask Load (0.003000)[0m   [0mSELECT * FROM `tasks` WHERE (tasks.project_id = 1060557698) [0m
  [4;36;1mMonthlyDetail Load (0.018000)[0m   [0;1mSELECT * FROM `monthly_details` WHERE (monthly_details.task_id = 874482577) AND (`monthly_details`.`date` = '2008-01-01') LIMIT 1[0m
Rendered projects/_project (0.03200)
Completed in 0.57100 (1 reqs/sec) | Rendering: 0.20900 (36%) | DB: 0.26100 (45%) | 200 OK [http://localhost/]


Processing ProjectsController#show (for 127.0.0.1 at 2008-02-11 21:29:11) [GET]
  Session ID: BAh7BiIKZmxhc2hJQzonQWN0aW9uQ29udHJvbGxlcjo6Rmxhc2g6OkZsYXNo%0ASGFzaHsABjoKQHVzZWR7AA%3D%3D--f1d131a662cdf3e338d4a95882de89554f3d39ee
  Parameters: {"action"=>"show", "id"=>"1060557698", "controller"=>"projects"}
  [4;35;1mSQL (0.007000)[0m   [0mSHOW TABLES[0m
  [4;36;1mProject Columns (0.012000)[0m   [0;1mSHOW FIELDS FROM `projects`[0m
  [4;35;1mSQL (0.003000)[0m   [0mSHOW TABLES[0m
  [4;36;1mProject Load (0.003000)[0m   [0;1mSELECT * FROM `projects` ORDER BY updated_at DESC LIMIT 10[0m
  [4;35;1mProject Load (0.003000)[0m   [0mSELECT * FROM `projects` WHERE (`projects`.`id` = 1060557698) [0m
Rendering template within layouts/application
Rendering projects/show
  [4;36;1mTask Load (0.019000)[0m   [0;1mSELECT * FROM `tasks` WHERE (tasks.project_id = 1060557698) [0m
  [4;35;1mTask Columns (0.015000)[0m   [0mSHOW FIELDS FROM `tasks`[0m
  [4;36;1mMonthlyDetail Columns (0.017000)[0m   [0;1mSHOW FIELDS FROM `monthly_details`[0m
  [4;35;1mMonthlyDetail Load (0.010000)[0m   [0mSELECT * FROM `monthly_details` WHERE (monthly_details.task_id = 874482577) AND (`monthly_details`.`date` = '2008-01-01') LIMIT 1[0m
Rendered projects/_project (0.09300)
  [4;36;1mSQL (0.002000)[0m   [0;1mSELECT sum(budget) AS sum_budget FROM `tasks` WHERE (tasks.project_id = 1060557698) [0m
  [4;35;1mCACHE (0.000000)[0m   [0mSELECT * FROM `projects` WHERE (`projects`.`id` = 1060557698) [0m
  [4;36;1mCACHE (0.000000)[0m   [0;1mSELECT * FROM `monthly_details` WHERE (monthly_details.task_id = 874482577) AND (`monthly_details`.`date` = '2008-01-01') LIMIT 1[0m
Rendered projects/_task (0.03400)
Completed in 0.25100 (3 reqs/sec) | Rendering: 0.08600 (34%) | DB: 0.09100 (36%) | 200 OK [http://localhost/projects/1060557698]


Processing TasksController#show (for 127.0.0.1 at 2008-02-11 21:29:14) [GET]
  Session ID: BAh7BiIKZmxhc2hJQzonQWN0aW9uQ29udHJvbGxlcjo6Rmxhc2g6OkZsYXNo%0ASGFzaHsABjoKQHVzZWR7AA%3D%3D--f1d131a662cdf3e338d4a95882de89554f3d39ee
  Parameters: {"project_id"=>"1060557698", "action"=>"show", "id"=>"874482577", "controller"=>"tasks"}
  [4;35;1mSQL (0.019000)[0m   [0mSHOW TABLES[0m
  [4;36;1mProject Columns (0.011000)[0m   [0;1mSHOW FIELDS FROM `projects`[0m
  [4;35;1mSQL (0.045000)[0m   [0mSHOW TABLES[0m
  [4;36;1mProject Load (0.011000)[0m   [0;1mSELECT * FROM `projects` ORDER BY updated_at DESC LIMIT 10[0m
  [4;35;1mProject Load (0.017000)[0m   [0mSELECT * FROM `projects` WHERE (`projects`.`id` = 1060557698) [0m
  [4;36;1mTask Columns (0.014000)[0m   [0;1mSHOW FIELDS FROM `tasks`[0m
  [4;35;1mTask Load (0.023000)[0m   [0mSELECT * FROM `tasks` WHERE (`tasks`.`id` = 874482577 AND (tasks.project_id = 1060557698)) [0m
Rendering template within layouts/application
Rendering tasks/show
  [4;36;1mMonthlyDetail Load (0.009000)[0m   [0;1mSELECT * FROM `monthly_details` WHERE (monthly_details.task_id = 874482577) [0m
  [4;35;1mMonthlyDetail Columns (0.025000)[0m   [0mSHOW FIELDS FROM `monthly_details`[0m
  [4;36;1mTask Load (0.013000)[0m   [0;1mSELECT * FROM `tasks` WHERE (`tasks`.`id` = 874482577) [0m
  [4;35;1mCACHE (0.000000)[0m   [0mSELECT * FROM `tasks` WHERE (`tasks`.`id` = 874482577) [0m
  [4;36;1mCACHE (0.000000)[0m   [0;1mSELECT * FROM `tasks` WHERE (`tasks`.`id` = 874482577) [0m


ActionView::TemplateError (undefined method `extend_end_date_project_task' for #<ActionView::Base:0x7f1cafb4>) on line #95 of tasks/show.html.erb:
92: <%= link_to 'Edit Task', edit_project_task_path(@project, @task) %> |
93: <%= link_to 'Edit Task Plan', project_task_path(@project, @task, :edit_plan => "") %> |
94: <%= link_to 'Edit Task Actuals', project_task_path(@project, @task, :edit_actuals => "") %> |
95: <%= link_to "Extend Task by One Month", extend_end_date_project_task(@task), :method => :put %>
96: <%= link_to 'Back to Project', project_path(@project) %>
    app/views/tasks/show.html.erb:95:in `_run_erb_47app47views47tasks47show46html46erb'
    /usr/lib/ruby/gems/1.8/gems/actionpack-2.0.2/lib/action_view/base.rb:637:in `send'
    /usr/lib/ruby/gems/1.8/gems/actionpack-2.0.2/lib/action_view/base.rb:637:in `compile_and_render_template'
    /usr/lib/ruby/gems/1.8/gems/actionpack-2.0.2/lib/action_view/base.rb:365:in `render_template'
    /usr/lib/ruby/gems/1.8/gems/actionpack-2.0.2/lib/action_view/base.rb:316:in `render_file'
    /usr/lib/ruby/gems/1.8/gems/actionpack-2.0.2/lib/action_controller/base.rb:1100:in `render_for_file'
    /usr/lib/ruby/gems/1.8/gems/actionpack-2.0.2/lib/action_controller/base.rb:858:in `render_with_no_layout'
    /usr/lib/ruby/gems/1.8/gems/actionpack-2.0.2/lib/action_controller/base.rb:872:in `render_with_no_layout'
    /usr/lib/ruby/gems/1.8/gems/actionpack-2.0.2/lib/action_controller/layout.rb:262:in `render_without_benchmark'
    /usr/lib/ruby/gems/1.8/gems/actionpack-2.0.2/lib/action_controller/benchmarking.rb:51:in `render'
    /usr/lib/ruby/1.8/benchmark.rb:293:in `measure'
    /usr/lib/ruby/gems/1.8/gems/actionpack-2.0.2/lib/action_controller/benchmarking.rb:51:in `render'
    /usr/lib/ruby/gems/1.8/gems/actionpack-2.0.2/lib/action_controller/mime_responds.rb:131:in `send'
    /usr/lib/ruby/gems/1.8/gems/actionpack-2.0.2/lib/action_controller/mime_responds.rb:131:in `custom'
    /usr/lib/ruby/gems/1.8/gems/actionpack-2.0.2/lib/action_controller/mime_responds.rb:156:in `call'
    /usr/lib/ruby/gems/1.8/gems/actionpack-2.0.2/lib/action_controller/mime_responds.rb:156:in `respond'
    /usr/lib/ruby/gems/1.8/gems/actionpack-2.0.2/lib/action_controller/mime_responds.rb:150:in `each'
    /usr/lib/ruby/gems/1.8/gems/actionpack-2.0.2/lib/action_controller/mime_responds.rb:150:in `respond'
    /usr/lib/ruby/gems/1.8/gems/actionpack-2.0.2/lib/action_controller/mime_responds.rb:107:in `respond_to'
    app/controllers/tasks_controller.rb:21:in `show'
    /usr/lib/ruby/gems/1.8/gems/actionpack-2.0.2/lib/action_controller/base.rb:1158:in `send'
    /usr/lib/ruby/gems/1.8/gems/actionpack-2.0.2/lib/action_controller/base.rb:1158:in `perform_action_without_filters'
    /usr/lib/ruby/gems/1.8/gems/actionpack-2.0.2/lib/action_controller/filters.rb:697:in `call_filters'
    /usr/lib/ruby/gems/1.8/gems/actionpack-2.0.2/lib/action_controller/filters.rb:689:in `perform_action_without_benchmark'
    /usr/lib/ruby/gems/1.8/gems/actionpack-2.0.2/lib/action_controller/benchmarking.rb:68:in `perform_action_without_rescue'
    /usr/lib/ruby/1.8/benchmark.rb:293:in `measure'
    /usr/lib/ruby/gems/1.8/gems/actionpack-2.0.2/lib/action_controller/benchmarking.rb:68:in `perform_action_without_rescue'
    /usr/lib/ruby/gems/1.8/gems/actionpack-2.0.2/lib/action_controller/rescue.rb:199:in `perform_action_without_caching'
    /usr/lib/ruby/gems/1.8/gems/actionpack-2.0.2/lib/action_controller/caching.rb:678:in `perform_action'
    /usr/lib/ruby/gems/1.8/gems/activerecord-2.0.2/lib/active_record/connection_adapters/abstract/query_cache.rb:33:in `cache'
    /usr/lib/ruby/gems/1.8/gems/activerecord-2.0.2/lib/active_record/query_cache.rb:8:in `cache'
    /usr/lib/ruby/gems/1.8/gems/actionpack-2.0.2/lib/action_controller/caching.rb:677:in `perform_action'
    /usr/lib/ruby/gems/1.8/gems/actionpack-2.0.2/lib/action_controller/base.rb:524:in `send'
    /usr/lib/ruby/gems/1.8/gems/actionpack-2.0.2/lib/action_controller/base.rb:524:in `process_without_filters'
    /usr/lib/ruby/gems/1.8/gems/actionpack-2.0.2/lib/action_controller/filters.rb:685:in `process_without_session_management_support'
    /usr/lib/ruby/gems/1.8/gems/actionpack-2.0.2/lib/action_controller/session_management.rb:123:in `process'
    /usr/lib/ruby/gems/1.8/gems/actionpack-2.0.2/lib/action_controller/base.rb:388:in `process'
    /usr/lib/ruby/gems/1.8/gems/actionpack-2.0.2/lib/action_controller/dispatcher.rb:171:in `handle_request'
    /usr/lib/ruby/gems/1.8/gems/actionpack-2.0.2/lib/action_controller/dispatcher.rb:115:in `dispatch'
    /usr/lib/ruby/gems/1.8/gems/actionpack-2.0.2/lib/action_controller/dispatcher.rb:126:in `dispatch_cgi'
    /usr/lib/ruby/gems/1.8/gems/actionpack-2.0.2/lib/action_controller/dispatcher.rb:9:in `dispatch'
    /usr/lib/ruby/gems/1.8/gems/rails-2.0.2/lib/webrick_server.rb:112:in `handle_dispatch'
    /usr/lib/ruby/gems/1.8/gems/rails-2.0.2/lib/webrick_server.rb:78:in `service'
    /usr/lib/ruby/1.8/webrick/httpserver.rb:104:in `service'
    /usr/lib/ruby/1.8/webrick/httpserver.rb:65:in `run'
    /usr/lib/ruby/1.8/webrick/server.rb:173:in `start_thread'
    /usr/lib/ruby/1.8/webrick/server.rb:162:in `start'
    /usr/lib/ruby/1.8/webrick/server.rb:162:in `start_thread'
    /usr/lib/ruby/1.8/webrick/server.rb:95:in `start'
    /usr/lib/ruby/1.8/webrick/server.rb:92:in `each'
    /usr/lib/ruby/1.8/webrick/server.rb:92:in `start'
    /usr/lib/ruby/1.8/webrick/server.rb:23:in `start'
    /usr/lib/ruby/1.8/webrick/server.rb:82:in `start'
    /usr/lib/ruby/gems/1.8/gems/rails-2.0.2/lib/webrick_server.rb:62:in `dispatch'
    /usr/lib/ruby/gems/1.8/gems/rails-2.0.2/lib/commands/servers/webrick.rb:66
    /usr/lib/ruby/site_ruby/1.8/rubygems/custom_require.rb:27:in `gem_original_require'
    /usr/lib/ruby/site_ruby/1.8/rubygems/custom_require.rb:27:in `require'
    /usr/lib/ruby/gems/1.8/gems/activesupport-2.0.2/lib/active_support/dependencies.rb:496:in `require'
    /usr/lib/ruby/gems/1.8/gems/activesupport-2.0.2/lib/active_support/dependencies.rb:342:in `new_constants_in'
    /usr/lib/ruby/gems/1.8/gems/activesupport-2.0.2/lib/active_support/dependencies.rb:496:in `require'
    /usr/lib/ruby/gems/1.8/gems/rails-2.0.2/lib/commands/server.rb:39
    /usr/lib/ruby/site_ruby/1.8/rubygems/custom_require.rb:27:in `gem_original_require'
    /usr/lib/ruby/site_ruby/1.8/rubygems/custom_require.rb:27:in `require'
    script/server:3

Rendering /usr/lib/ruby/gems/1.8/gems/actionpack-2.0.2/lib/action_controller/templates/rescues/layout.erb (internal_server_error)


Processing TasksController#show (for 127.0.0.1 at 2008-02-11 21:29:41) [GET]
  Session ID: BAh7BiIKZmxhc2hJQzonQWN0aW9uQ29udHJvbGxlcjo6Rmxhc2g6OkZsYXNo%0ASGFzaHsABjoKQHVzZWR7AA%3D%3D--f1d131a662cdf3e338d4a95882de89554f3d39ee
  Parameters: {"project_id"=>"1060557698", "action"=>"show", "id"=>"874482577", "controller"=>"tasks"}
  [4;35;1mSQL (0.002000)[0m   [0mSHOW TABLES[0m
  [4;36;1mProject Columns (0.030000)[0m   [0;1mSHOW FIELDS FROM `projects`[0m
  [4;35;1mSQL (0.014000)[0m   [0mSHOW TABLES[0m
  [4;36;1mProject Load (0.011000)[0m   [0;1mSELECT * FROM `projects` ORDER BY updated_at DESC LIMIT 10[0m
  [4;35;1mProject Load (0.003000)[0m   [0mSELECT * FROM `projects` WHERE (`projects`.`id` = 1060557698) [0m
  [4;36;1mTask Columns (0.015000)[0m   [0;1mSHOW FIELDS FROM `tasks`[0m
  [4;35;1mTask Load (0.061000)[0m   [0mSELECT * FROM `tasks` WHERE (`tasks`.`id` = 874482577 AND (tasks.project_id = 1060557698)) [0m
Rendering template within layouts/application
Rendering tasks/show
  [4;36;1mMonthlyDetail Load (0.020000)[0m   [0;1mSELECT * FROM `monthly_details` WHERE (monthly_details.task_id = 874482577) [0m
  [4;35;1mMonthlyDetail Columns (0.033000)[0m   [0mSHOW FIELDS FROM `monthly_details`[0m
  [4;36;1mTask Load (0.002000)[0m   [0;1mSELECT * FROM `tasks` WHERE (`tasks`.`id` = 874482577) [0m
  [4;35;1mCACHE (0.000000)[0m   [0mSELECT * FROM `tasks` WHERE (`tasks`.`id` = 874482577) [0m
  [4;36;1mCACHE (0.000000)[0m   [0;1mSELECT * FROM `tasks` WHERE (`tasks`.`id` = 874482577) [0m


ActionView::TemplateError (undefined method `extend_end_date_project_task' for #<ActionView::Base:0x7f1fa6d8>) on line #95 of tasks/show.html.erb:
92: <%= link_to 'Edit Task', edit_project_task_path(@project, @task) %> |
93: <%= link_to 'Edit Task Plan', project_task_path(@project, @task, :edit_plan => "") %> |
94: <%= link_to 'Edit Task Actuals', project_task_path(@project, @task, :edit_actuals => "") %> |
95: <%= link_to "Extend Task by One Month", extend_end_date_project_task(@project, @task), :method => :put %>
96: <%= link_to 'Back to Project', project_path(@project) %>
    app/views/tasks/show.html.erb:95:in `_run_erb_47app47views47tasks47show46html46erb'
    /usr/lib/ruby/gems/1.8/gems/actionpack-2.0.2/lib/action_view/base.rb:637:in `send'
    /usr/lib/ruby/gems/1.8/gems/actionpack-2.0.2/lib/action_view/base.rb:637:in `compile_and_render_template'
    /usr/lib/ruby/gems/1.8/gems/actionpack-2.0.2/lib/action_view/base.rb:365:in `render_template'
    /usr/lib/ruby/gems/1.8/gems/actionpack-2.0.2/lib/action_view/base.rb:316:in `render_file'
    /usr/lib/ruby/gems/1.8/gems/actionpack-2.0.2/lib/action_controller/base.rb:1100:in `render_for_file'
    /usr/lib/ruby/gems/1.8/gems/actionpack-2.0.2/lib/action_controller/base.rb:858:in `render_with_no_layout'
    /usr/lib/ruby/gems/1.8/gems/actionpack-2.0.2/lib/action_controller/base.rb:872:in `render_with_no_layout'
    /usr/lib/ruby/gems/1.8/gems/actionpack-2.0.2/lib/action_controller/layout.rb:262:in `render_without_benchmark'
    /usr/lib/ruby/gems/1.8/gems/actionpack-2.0.2/lib/action_controller/benchmarking.rb:51:in `render'
    /usr/lib/ruby/1.8/benchmark.rb:293:in `measure'
    /usr/lib/ruby/gems/1.8/gems/actionpack-2.0.2/lib/action_controller/benchmarking.rb:51:in `render'
    /usr/lib/ruby/gems/1.8/gems/actionpack-2.0.2/lib/action_controller/mime_responds.rb:131:in `send'
    /usr/lib/ruby/gems/1.8/gems/actionpack-2.0.2/lib/action_controller/mime_responds.rb:131:in `custom'
    /usr/lib/ruby/gems/1.8/gems/actionpack-2.0.2/lib/action_controller/mime_responds.rb:156:in `call'
    /usr/lib/ruby/gems/1.8/gems/actionpack-2.0.2/lib/action_controller/mime_responds.rb:156:in `respond'
    /usr/lib/ruby/gems/1.8/gems/actionpack-2.0.2/lib/action_controller/mime_responds.rb:150:in `each'
    /usr/lib/ruby/gems/1.8/gems/actionpack-2.0.2/lib/action_controller/mime_responds.rb:150:in `respond'
    /usr/lib/ruby/gems/1.8/gems/actionpack-2.0.2/lib/action_controller/mime_responds.rb:107:in `respond_to'
    app/controllers/tasks_controller.rb:21:in `show'
    /usr/lib/ruby/gems/1.8/gems/actionpack-2.0.2/lib/action_controller/base.rb:1158:in `send'
    /usr/lib/ruby/gems/1.8/gems/actionpack-2.0.2/lib/action_controller/base.rb:1158:in `perform_action_without_filters'
    /usr/lib/ruby/gems/1.8/gems/actionpack-2.0.2/lib/action_controller/filters.rb:697:in `call_filters'
    /usr/lib/ruby/gems/1.8/gems/actionpack-2.0.2/lib/action_controller/filters.rb:689:in `perform_action_without_benchmark'
    /usr/lib/ruby/gems/1.8/gems/actionpack-2.0.2/lib/action_controller/benchmarking.rb:68:in `perform_action_without_rescue'
    /usr/lib/ruby/1.8/benchmark.rb:293:in `measure'
    /usr/lib/ruby/gems/1.8/gems/actionpack-2.0.2/lib/action_controller/benchmarking.rb:68:in `perform_action_without_rescue'
    /usr/lib/ruby/gems/1.8/gems/actionpack-2.0.2/lib/action_controller/rescue.rb:199:in `perform_action_without_caching'
    /usr/lib/ruby/gems/1.8/gems/actionpack-2.0.2/lib/action_controller/caching.rb:678:in `perform_action'
    /usr/lib/ruby/gems/1.8/gems/activerecord-2.0.2/lib/active_record/connection_adapters/abstract/query_cache.rb:33:in `cache'
    /usr/lib/ruby/gems/1.8/gems/activerecord-2.0.2/lib/active_record/query_cache.rb:8:in `cache'
    /usr/lib/ruby/gems/1.8/gems/actionpack-2.0.2/lib/action_controller/caching.rb:677:in `perform_action'
    /usr/lib/ruby/gems/1.8/gems/actionpack-2.0.2/lib/action_controller/base.rb:524:in `send'
    /usr/lib/ruby/gems/1.8/gems/actionpack-2.0.2/lib/action_controller/base.rb:524:in `process_without_filters'
    /usr/lib/ruby/gems/1.8/gems/actionpack-2.0.2/lib/action_controller/filters.rb:685:in `process_without_session_management_support'
    /usr/lib/ruby/gems/1.8/gems/actionpack-2.0.2/lib/action_controller/session_management.rb:123:in `process'
    /usr/lib/ruby/gems/1.8/gems/actionpack-2.0.2/lib/action_controller/base.rb:388:in `process'
    /usr/lib/ruby/gems/1.8/gems/actionpack-2.0.2/lib/action_controller/dispatcher.rb:171:in `handle_request'
    /usr/lib/ruby/gems/1.8/gems/actionpack-2.0.2/lib/action_controller/dispatcher.rb:115:in `dispatch'
    /usr/lib/ruby/gems/1.8/gems/actionpack-2.0.2/lib/action_controller/dispatcher.rb:126:in `dispatch_cgi'
    /usr/lib/ruby/gems/1.8/gems/actionpack-2.0.2/lib/action_controller/dispatcher.rb:9:in `dispatch'
    /usr/lib/ruby/gems/1.8/gems/rails-2.0.2/lib/webrick_server.rb:112:in `handle_dispatch'
    /usr/lib/ruby/gems/1.8/gems/rails-2.0.2/lib/webrick_server.rb:78:in `service'
    /usr/lib/ruby/1.8/webrick/httpserver.rb:104:in `service'
    /usr/lib/ruby/1.8/webrick/httpserver.rb:65:in `run'
    /usr/lib/ruby/1.8/webrick/server.rb:173:in `start_thread'
    /usr/lib/ruby/1.8/webrick/server.rb:162:in `start'
    /usr/lib/ruby/1.8/webrick/server.rb:162:in `start_thread'
    /usr/lib/ruby/1.8/webrick/server.rb:95:in `start'
    /usr/lib/ruby/1.8/webrick/server.rb:92:in `each'
    /usr/lib/ruby/1.8/webrick/server.rb:92:in `start'
    /usr/lib/ruby/1.8/webrick/server.rb:23:in `start'
    /usr/lib/ruby/1.8/webrick/server.rb:82:in `start'
    /usr/lib/ruby/gems/1.8/gems/rails-2.0.2/lib/webrick_server.rb:62:in `dispatch'
    /usr/lib/ruby/gems/1.8/gems/rails-2.0.2/lib/commands/servers/webrick.rb:66
    /usr/lib/ruby/site_ruby/1.8/rubygems/custom_require.rb:27:in `gem_original_require'
    /usr/lib/ruby/site_ruby/1.8/rubygems/custom_require.rb:27:in `require'
    /usr/lib/ruby/gems/1.8/gems/activesupport-2.0.2/lib/active_support/dependencies.rb:496:in `require'
    /usr/lib/ruby/gems/1.8/gems/activesupport-2.0.2/lib/active_support/dependencies.rb:342:in `new_constants_in'
    /usr/lib/ruby/gems/1.8/gems/activesupport-2.0.2/lib/active_support/dependencies.rb:496:in `require'
    /usr/lib/ruby/gems/1.8/gems/rails-2.0.2/lib/commands/server.rb:39
    /usr/lib/ruby/site_ruby/1.8/rubygems/custom_require.rb:27:in `gem_original_require'
    /usr/lib/ruby/site_ruby/1.8/rubygems/custom_require.rb:27:in `require'
    script/server:3

Rendering /usr/lib/ruby/gems/1.8/gems/actionpack-2.0.2/lib/action_controller/templates/rescues/layout.erb (internal_server_error)


Processing ProjectsController#show (for 127.0.0.1 at 2008-02-11 21:30:58) [GET]
  Session ID: BAh7BiIKZmxhc2hJQzonQWN0aW9uQ29udHJvbGxlcjo6Rmxhc2g6OkZsYXNo%0ASGFzaHsABjoKQHVzZWR7AA%3D%3D--f1d131a662cdf3e338d4a95882de89554f3d39ee
  Parameters: {"action"=>"show", "id"=>"1060557698", "controller"=>"projects"}
WARNING: You're using the Ruby-based MySQL library that ships with Rails. This library is not suited for production. Please install the C-based MySQL library instead (gem install mysql).
  [4;36;1mSQL (0.005000)[0m   [0;1mSET SQL_AUTO_IS_NULL=0[0m
  [4;35;1mSQL (0.008000)[0m   [0mSHOW TABLES[0m
  [4;36;1mProject Columns (0.019000)[0m   [0;1mSHOW FIELDS FROM `projects`[0m
  [4;35;1mSQL (0.012000)[0m   [0mSHOW TABLES[0m
  [4;36;1mProject Load (0.002000)[0m   [0;1mSELECT * FROM `projects` ORDER BY updated_at DESC LIMIT 10[0m
  [4;35;1mProject Load (0.003000)[0m   [0mSELECT * FROM `projects` WHERE (`projects`.`id` = 1060557698) [0m
Rendering template within layouts/application
Rendering projects/show
  [4;36;1mTask Load (0.006000)[0m   [0;1mSELECT * FROM `tasks` WHERE (tasks.project_id = 1060557698) [0m
  [4;35;1mTask Columns (0.025000)[0m   [0mSHOW FIELDS FROM `tasks`[0m
  [4;36;1mMonthlyDetail Columns (0.012000)[0m   [0;1mSHOW FIELDS FROM `monthly_details`[0m
  [4;35;1mMonthlyDetail Load (0.019000)[0m   [0mSELECT * FROM `monthly_details` WHERE (monthly_details.task_id = 874482577) AND (`monthly_details`.`date` = '2008-01-01') LIMIT 1[0m
Rendered projects/_project (0.10100)
  [4;36;1mSQL (0.003000)[0m   [0;1mSELECT sum(budget) AS sum_budget FROM `tasks` WHERE (tasks.project_id = 1060557698) [0m
  [4;35;1mCACHE (0.000000)[0m   [0mSELECT * FROM `projects` WHERE (`projects`.`id` = 1060557698) [0m
  [4;36;1mCACHE (0.000000)[0m   [0;1mSELECT * FROM `monthly_details` WHERE (monthly_details.task_id = 874482577) AND (`monthly_details`.`date` = '2008-01-01') LIMIT 1[0m
Rendered projects/_task (0.01700)
Completed in 0.29700 (3 reqs/sec) | Rendering: 0.09500 (31%) | DB: 0.11400 (38%) | 200 OK [http://localhost/projects/1060557698]


Processing TasksController#show (for 127.0.0.1 at 2008-02-11 21:31:02) [GET]
  Session ID: BAh7BiIKZmxhc2hJQzonQWN0aW9uQ29udHJvbGxlcjo6Rmxhc2g6OkZsYXNo%0ASGFzaHsABjoKQHVzZWR7AA%3D%3D--f1d131a662cdf3e338d4a95882de89554f3d39ee
  Parameters: {"project_id"=>"1060557698", "action"=>"show", "id"=>"874482577", "controller"=>"tasks"}
  [4;35;1mSQL (0.007000)[0m   [0mSHOW TABLES[0m
  [4;36;1mProject Columns (0.034000)[0m   [0;1mSHOW FIELDS FROM `projects`[0m
  [4;35;1mSQL (0.002000)[0m   [0mSHOW TABLES[0m
  [4;36;1mProject Load (0.016000)[0m   [0;1mSELECT * FROM `projects` ORDER BY updated_at DESC LIMIT 10[0m
  [4;35;1mProject Load (0.012000)[0m   [0mSELECT * FROM `projects` WHERE (`projects`.`id` = 1060557698) [0m
  [4;36;1mTask Columns (0.023000)[0m   [0;1mSHOW FIELDS FROM `tasks`[0m
  [4;35;1mTask Load (0.012000)[0m   [0mSELECT * FROM `tasks` WHERE (`tasks`.`id` = 874482577 AND (tasks.project_id = 1060557698)) [0m
Rendering template within layouts/application
Rendering tasks/show
  [4;36;1mMonthlyDetail Load (0.015000)[0m   [0;1mSELECT * FROM `monthly_details` WHERE (monthly_details.task_id = 874482577) [0m
  [4;35;1mMonthlyDetail Columns (0.019000)[0m   [0mSHOW FIELDS FROM `monthly_details`[0m
  [4;36;1mTask Load (0.003000)[0m   [0;1mSELECT * FROM `tasks` WHERE (`tasks`.`id` = 874482577) [0m
  [4;35;1mCACHE (0.000000)[0m   [0mSELECT * FROM `tasks` WHERE (`tasks`.`id` = 874482577) [0m
  [4;36;1mCACHE (0.000000)[0m   [0;1mSELECT * FROM `tasks` WHERE (`tasks`.`id` = 874482577) [0m


ActionView::TemplateError (undefined method `extend_end_date_project_task' for #<ActionView::Base:0x7f327bb4>) on line #95 of tasks/show.html.erb:
92: <%= link_to 'Edit Task', edit_project_task_path(@project, @task) %> |
93: <%= link_to 'Edit Task Plan', project_task_path(@project, @task, :edit_plan => "") %> |
94: <%= link_to 'Edit Task Actuals', project_task_path(@project, @task, :edit_actuals => "") %> |
95: <%= link_to "Extend Task by One Month", extend_end_date_project_task(@project, @task), :method => :put %>
96: <%= link_to 'Back to Project', project_path(@project) %>
    app/views/tasks/show.html.erb:95:in `_run_erb_47app47views47tasks47show46html46erb'
    /usr/lib/ruby/gems/1.8/gems/actionpack-2.0.2/lib/action_view/base.rb:637:in `send'
    /usr/lib/ruby/gems/1.8/gems/actionpack-2.0.2/lib/action_view/base.rb:637:in `compile_and_render_template'
    /usr/lib/ruby/gems/1.8/gems/actionpack-2.0.2/lib/action_view/base.rb:365:in `render_template'
    /usr/lib/ruby/gems/1.8/gems/actionpack-2.0.2/lib/action_view/base.rb:316:in `render_file'
    /usr/lib/ruby/gems/1.8/gems/actionpack-2.0.2/lib/action_controller/base.rb:1100:in `render_for_file'
    /usr/lib/ruby/gems/1.8/gems/actionpack-2.0.2/lib/action_controller/base.rb:858:in `render_with_no_layout'
    /usr/lib/ruby/gems/1.8/gems/actionpack-2.0.2/lib/action_controller/base.rb:872:in `render_with_no_layout'
    /usr/lib/ruby/gems/1.8/gems/actionpack-2.0.2/lib/action_controller/layout.rb:262:in `render_without_benchmark'
    /usr/lib/ruby/gems/1.8/gems/actionpack-2.0.2/lib/action_controller/benchmarking.rb:51:in `render'
    /usr/lib/ruby/1.8/benchmark.rb:293:in `measure'
    /usr/lib/ruby/gems/1.8/gems/actionpack-2.0.2/lib/action_controller/benchmarking.rb:51:in `render'
    /usr/lib/ruby/gems/1.8/gems/actionpack-2.0.2/lib/action_controller/mime_responds.rb:131:in `send'
    /usr/lib/ruby/gems/1.8/gems/actionpack-2.0.2/lib/action_controller/mime_responds.rb:131:in `custom'
    /usr/lib/ruby/gems/1.8/gems/actionpack-2.0.2/lib/action_controller/mime_responds.rb:156:in `call'
    /usr/lib/ruby/gems/1.8/gems/actionpack-2.0.2/lib/action_controller/mime_responds.rb:156:in `respond'
    /usr/lib/ruby/gems/1.8/gems/actionpack-2.0.2/lib/action_controller/mime_responds.rb:150:in `each'
    /usr/lib/ruby/gems/1.8/gems/actionpack-2.0.2/lib/action_controller/mime_responds.rb:150:in `respond'
    /usr/lib/ruby/gems/1.8/gems/actionpack-2.0.2/lib/action_controller/mime_responds.rb:107:in `respond_to'
    app/controllers/tasks_controller.rb:21:in `show'
    /usr/lib/ruby/gems/1.8/gems/actionpack-2.0.2/lib/action_controller/base.rb:1158:in `send'
    /usr/lib/ruby/gems/1.8/gems/actionpack-2.0.2/lib/action_controller/base.rb:1158:in `perform_action_without_filters'
    /usr/lib/ruby/gems/1.8/gems/actionpack-2.0.2/lib/action_controller/filters.rb:697:in `call_filters'
    /usr/lib/ruby/gems/1.8/gems/actionpack-2.0.2/lib/action_controller/filters.rb:689:in `perform_action_without_benchmark'
    /usr/lib/ruby/gems/1.8/gems/actionpack-2.0.2/lib/action_controller/benchmarking.rb:68:in `perform_action_without_rescue'
    /usr/lib/ruby/1.8/benchmark.rb:293:in `measure'
    /usr/lib/ruby/gems/1.8/gems/actionpack-2.0.2/lib/action_controller/benchmarking.rb:68:in `perform_action_without_rescue'
    /usr/lib/ruby/gems/1.8/gems/actionpack-2.0.2/lib/action_controller/rescue.rb:199:in `perform_action_without_caching'
    /usr/lib/ruby/gems/1.8/gems/actionpack-2.0.2/lib/action_controller/caching.rb:678:in `perform_action'
    /usr/lib/ruby/gems/1.8/gems/activerecord-2.0.2/lib/active_record/connection_adapters/abstract/query_cache.rb:33:in `cache'
    /usr/lib/ruby/gems/1.8/gems/activerecord-2.0.2/lib/active_record/query_cache.rb:8:in `cache'
    /usr/lib/ruby/gems/1.8/gems/actionpack-2.0.2/lib/action_controller/caching.rb:677:in `perform_action'
    /usr/lib/ruby/gems/1.8/gems/actionpack-2.0.2/lib/action_controller/base.rb:524:in `send'
    /usr/lib/ruby/gems/1.8/gems/actionpack-2.0.2/lib/action_controller/base.rb:524:in `process_without_filters'
    /usr/lib/ruby/gems/1.8/gems/actionpack-2.0.2/lib/action_controller/filters.rb:685:in `process_without_session_management_support'
    /usr/lib/ruby/gems/1.8/gems/actionpack-2.0.2/lib/action_controller/session_management.rb:123:in `process'
    /usr/lib/ruby/gems/1.8/gems/actionpack-2.0.2/lib/action_controller/base.rb:388:in `process'
    /usr/lib/ruby/gems/1.8/gems/actionpack-2.0.2/lib/action_controller/dispatcher.rb:171:in `handle_request'
    /usr/lib/ruby/gems/1.8/gems/actionpack-2.0.2/lib/action_controller/dispatcher.rb:115:in `dispatch'
    /usr/lib/ruby/gems/1.8/gems/actionpack-2.0.2/lib/action_controller/dispatcher.rb:126:in `dispatch_cgi'
    /usr/lib/ruby/gems/1.8/gems/actionpack-2.0.2/lib/action_controller/dispatcher.rb:9:in `dispatch'
    /usr/lib/ruby/gems/1.8/gems/rails-2.0.2/lib/webrick_server.rb:112:in `handle_dispatch'
    /usr/lib/ruby/gems/1.8/gems/rails-2.0.2/lib/webrick_server.rb:78:in `service'
    /usr/lib/ruby/1.8/webrick/httpserver.rb:104:in `service'
    /usr/lib/ruby/1.8/webrick/httpserver.rb:65:in `run'
    /usr/lib/ruby/1.8/webrick/server.rb:173:in `start_thread'
    /usr/lib/ruby/1.8/webrick/server.rb:162:in `start'
    /usr/lib/ruby/1.8/webrick/server.rb:162:in `start_thread'
    /usr/lib/ruby/1.8/webrick/server.rb:95:in `start'
    /usr/lib/ruby/1.8/webrick/server.rb:92:in `each'
    /usr/lib/ruby/1.8/webrick/server.rb:92:in `start'
    /usr/lib/ruby/1.8/webrick/server.rb:23:in `start'
    /usr/lib/ruby/1.8/webrick/server.rb:82:in `start'
    /usr/lib/ruby/gems/1.8/gems/rails-2.0.2/lib/webrick_server.rb:62:in `dispatch'
    /usr/lib/ruby/gems/1.8/gems/rails-2.0.2/lib/commands/servers/webrick.rb:66
    /usr/lib/ruby/site_ruby/1.8/rubygems/custom_require.rb:27:in `gem_original_require'
    /usr/lib/ruby/site_ruby/1.8/rubygems/custom_require.rb:27:in `require'
    /usr/lib/ruby/gems/1.8/gems/activesupport-2.0.2/lib/active_support/dependencies.rb:496:in `require'
    /usr/lib/ruby/gems/1.8/gems/activesupport-2.0.2/lib/active_support/dependencies.rb:342:in `new_constants_in'
    /usr/lib/ruby/gems/1.8/gems/activesupport-2.0.2/lib/active_support/dependencies.rb:496:in `require'
    /usr/lib/ruby/gems/1.8/gems/rails-2.0.2/lib/commands/server.rb:39
    /usr/lib/ruby/site_ruby/1.8/rubygems/custom_require.rb:27:in `gem_original_require'
    /usr/lib/ruby/site_ruby/1.8/rubygems/custom_require.rb:27:in `require'
    script/server:3

Rendering /usr/lib/ruby/gems/1.8/gems/actionpack-2.0.2/lib/action_controller/templates/rescues/layout.erb (internal_server_error)


Processing TasksController#show (for 127.0.0.1 at 2008-02-11 21:33:20) [GET]
  Session ID: BAh7BiIKZmxhc2hJQzonQWN0aW9uQ29udHJvbGxlcjo6Rmxhc2g6OkZsYXNo%0ASGFzaHsABjoKQHVzZWR7AA%3D%3D--f1d131a662cdf3e338d4a95882de89554f3d39ee
  Parameters: {"project_id"=>"1060557698", "action"=>"show", "id"=>"874482577", "controller"=>"tasks"}
  [4;35;1mSQL (0.003000)[0m   [0mSHOW TABLES[0m
  [4;36;1mProject Columns (0.015000)[0m   [0;1mSHOW FIELDS FROM `projects`[0m
  [4;35;1mSQL (0.014000)[0m   [0mSHOW TABLES[0m
  [4;36;1mProject Load (0.005000)[0m   [0;1mSELECT * FROM `projects` ORDER BY updated_at DESC LIMIT 10[0m
  [4;35;1mProject Load (0.039000)[0m   [0mSELECT * FROM `projects` WHERE (`projects`.`id` = 1060557698) [0m
  [4;36;1mTask Columns (0.037000)[0m   [0;1mSHOW FIELDS FROM `tasks`[0m
  [4;35;1mTask Load (0.028000)[0m   [0mSELECT * FROM `tasks` WHERE (`tasks`.`id` = 874482577 AND (tasks.project_id = 1060557698)) [0m
Rendering template within layouts/application
Rendering tasks/show
  [4;36;1mMonthlyDetail Load (0.005000)[0m   [0;1mSELECT * FROM `monthly_details` WHERE (monthly_details.task_id = 874482577) [0m
  [4;35;1mMonthlyDetail Columns (0.033000)[0m   [0mSHOW FIELDS FROM `monthly_details`[0m
  [4;36;1mTask Load (0.003000)[0m   [0;1mSELECT * FROM `tasks` WHERE (`tasks`.`id` = 874482577) [0m
  [4;35;1mCACHE (0.000000)[0m   [0mSELECT * FROM `tasks` WHERE (`tasks`.`id` = 874482577) [0m
  [4;36;1mCACHE (0.000000)[0m   [0;1mSELECT * FROM `tasks` WHERE (`tasks`.`id` = 874482577) [0m
Completed in 0.60300 (1 reqs/sec) | Rendering: 0.07400 (12%) | DB: 0.21900 (36%) | 200 OK [http://localhost/projects/1060557698/tasks/874482577]


Processing ProjectsController#show (for 127.0.0.1 at 2008-02-11 21:33:29) [GET]
  Session ID: BAh7BiIKZmxhc2hJQzonQWN0aW9uQ29udHJvbGxlcjo6Rmxhc2g6OkZsYXNo%0ASGFzaHsABjoKQHVzZWR7AA%3D%3D--f1d131a662cdf3e338d4a95882de89554f3d39ee
  Parameters: {"action"=>"show", "id"=>"1060557698", "controller"=>"projects"}
  [4;35;1mSQL (0.002000)[0m   [0mSHOW TABLES[0m
  [4;36;1mProject Columns (0.016000)[0m   [0;1mSHOW FIELDS FROM `projects`[0m
  [4;35;1mSQL (0.002000)[0m   [0mSHOW TABLES[0m
  [4;36;1mProject Load (0.002000)[0m   [0;1mSELECT * FROM `projects` ORDER BY updated_at DESC LIMIT 10[0m
  [4;35;1mProject Load (0.004000)[0m   [0mSELECT * FROM `projects` WHERE (`projects`.`id` = 1060557698) [0m
Rendering template within layouts/application
Rendering projects/show
  [4;36;1mTask Load (0.001000)[0m   [0;1mSELECT * FROM `tasks` WHERE (tasks.project_id = 1060557698) [0m
  [4;35;1mTask Columns (0.014000)[0m   [0mSHOW FIELDS FROM `tasks`[0m
  [4;36;1mMonthlyDetail Columns (0.017000)[0m   [0;1mSHOW FIELDS FROM `monthly_details`[0m
  [4;35;1mMonthlyDetail Load (0.003000)[0m   [0mSELECT * FROM `monthly_details` WHERE (monthly_details.task_id = 874482577) AND (`monthly_details`.`date` = '2008-01-01') LIMIT 1[0m
Rendered projects/_project (0.06900)
  [4;36;1mSQL (0.001000)[0m   [0;1mSELECT sum(budget) AS sum_budget FROM `tasks` WHERE (tasks.project_id = 1060557698) [0m
  [4;35;1mCACHE (0.000000)[0m   [0mSELECT * FROM `projects` WHERE (`projects`.`id` = 1060557698) [0m
  [4;36;1mCACHE (0.000000)[0m   [0;1mSELECT * FROM `monthly_details` WHERE (monthly_details.task_id = 874482577) AND (`monthly_details`.`date` = '2008-01-01') LIMIT 1[0m
Rendered projects/_task (0.00700)
Completed in 0.16200 (6 reqs/sec) | Rendering: 0.05000 (30%) | DB: 0.06200 (38%) | 200 OK [http://localhost/projects/1060557698]


Processing TasksController#show (for 127.0.0.1 at 2008-02-11 21:33:33) [GET]
  Session ID: BAh7BiIKZmxhc2hJQzonQWN0aW9uQ29udHJvbGxlcjo6Rmxhc2g6OkZsYXNo%0ASGFzaHsABjoKQHVzZWR7AA%3D%3D--f1d131a662cdf3e338d4a95882de89554f3d39ee
  Parameters: {"project_id"=>"1060557698", "action"=>"show", "id"=>"874482577", "controller"=>"tasks"}
  [4;35;1mSQL (0.004000)[0m   [0mSHOW TABLES[0m
  [4;36;1mProject Columns (0.015000)[0m   [0;1mSHOW FIELDS FROM `projects`[0m
  [4;35;1mSQL (0.003000)[0m   [0mSHOW TABLES[0m
  [4;36;1mProject Load (0.003000)[0m   [0;1mSELECT * FROM `projects` ORDER BY updated_at DESC LIMIT 10[0m
  [4;35;1mProject Load (0.002000)[0m   [0mSELECT * FROM `projects` WHERE (`projects`.`id` = 1060557698) [0m
  [4;36;1mTask Columns (0.012000)[0m   [0;1mSHOW FIELDS FROM `tasks`[0m
  [4;35;1mTask Load (0.002000)[0m   [0mSELECT * FROM `tasks` WHERE (`tasks`.`id` = 874482577 AND (tasks.project_id = 1060557698)) [0m
Rendering template within layouts/application
Rendering tasks/show
  [4;36;1mMonthlyDetail Load (0.002000)[0m   [0;1mSELECT * FROM `monthly_details` WHERE (monthly_details.task_id = 874482577) [0m
  [4;35;1mMonthlyDetail Columns (0.011000)[0m   [0mSHOW FIELDS FROM `monthly_details`[0m
  [4;36;1mTask Load (0.002000)[0m   [0;1mSELECT * FROM `tasks` WHERE (`tasks`.`id` = 874482577) [0m
  [4;35;1mCACHE (0.000000)[0m   [0mSELECT * FROM `tasks` WHERE (`tasks`.`id` = 874482577) [0m
  [4;36;1mCACHE (0.000000)[0m   [0;1mSELECT * FROM `tasks` WHERE (`tasks`.`id` = 874482577) [0m
Completed in 0.16300 (6 reqs/sec) | Rendering: 0.03100 (19%) | DB: 0.05600 (34%) | 200 OK [http://localhost/projects/1060557698/tasks/874482577]


Processing TasksController#extend_end_date (for 127.0.0.1 at 2008-02-11 21:33:36) [PUT]
  Session ID: BAh7BiIKZmxhc2hJQzonQWN0aW9uQ29udHJvbGxlcjo6Rmxhc2g6OkZsYXNo%0ASGFzaHsABjoKQHVzZWR7AA%3D%3D--f1d131a662cdf3e338d4a95882de89554f3d39ee
  Parameters: {"project_id"=>"1060557698", "_method"=>"put", "action"=>"extend_end_date", "id"=>"874482577", "controller"=>"tasks"}
  [4;35;1mSQL (0.009000)[0m   [0mSHOW TABLES[0m
  [4;36;1mProject Columns (0.009000)[0m   [0;1mSHOW FIELDS FROM `projects`[0m
  [4;35;1mSQL (0.006000)[0m   [0mSHOW TABLES[0m
  [4;36;1mProject Load (0.002000)[0m   [0;1mSELECT * FROM `projects` ORDER BY updated_at DESC LIMIT 10[0m
  [4;35;1mProject Load (0.001000)[0m   [0mSELECT * FROM `projects` WHERE (`projects`.`id` = 1060557698) [0m
  [4;36;1mTask Columns (0.010000)[0m   [0;1mSHOW FIELDS FROM `tasks`[0m
  [4;35;1mTask Load (0.020000)[0m   [0mSELECT * FROM `tasks` WHERE (`tasks`.`id` = 874482577 AND (tasks.project_id = 1060557698)) [0m
  [4;36;1mMonthlyDetail Load (0.011000)[0m   [0;1mSELECT * FROM `monthly_details` WHERE (monthly_details.task_id = 874482577) ORDER BY date DESC LIMIT 1[0m
  [4;35;1mMonthlyDetail Columns (0.015000)[0m   [0mSHOW FIELDS FROM `monthly_details`[0m
  [4;36;1mSQL (0.008000)[0m   [0;1mBEGIN[0m
  [4;35;1mMonthlyDetail Create (0.003000)[0m   [0mINSERT INTO `monthly_details` (`planned_complete_in_dollars`, `updated_at`, `actual_completed_in_dollars`, `actual_spent_in_dollars`, `date`, `task_id`, `created_at`) VALUES(20000, '2008-02-12 02:33:36', NULL, NULL, '2008-04-01', 874482577, '2008-02-12 02:33:36')[0m
  [4;36;1mSQL (0.113000)[0m   [0;1mCOMMIT[0m
Redirected to http://localhost:3000/projects/1060557698/tasks/874482577?edit_plan=
Completed in 0.34800 (2 reqs/sec) | DB: 0.20700 (59%) | 302 Found [http://localhost/projects/1060557698/tasks/874482577/extend_end_date]


Processing TasksController#show (for 127.0.0.1 at 2008-02-11 21:33:36) [GET]
  Session ID: BAh7BiIKZmxhc2hJQzonQWN0aW9uQ29udHJvbGxlcjo6Rmxhc2g6OkZsYXNo%0ASGFzaHsGOgtub3RpY2UiM1Rhc2sgT25lIHdhcyBzdWNjZXNzZnVsbHkgZXh0%0AZW5kZWQgYnkgYSBtb250aC4GOgpAdXNlZHsGOwZU--5fe95f612e828ee310d3b40180a058f192ea742b
  Parameters: {"edit_plan"=>"", "project_id"=>"1060557698", "action"=>"show", "id"=>"874482577", "controller"=>"tasks"}
  [4;35;1mSQL (0.002000)[0m   [0mSHOW TABLES[0m
  [4;36;1mProject Columns (0.008000)[0m   [0;1mSHOW FIELDS FROM `projects`[0m
  [4;35;1mSQL (0.005000)[0m   [0mSHOW TABLES[0m
  [4;36;1mProject Load (0.003000)[0m   [0;1mSELECT * FROM `projects` ORDER BY updated_at DESC LIMIT 10[0m
  [4;35;1mProject Load (0.003000)[0m   [0mSELECT * FROM `projects` WHERE (`projects`.`id` = 1060557698) [0m
  [4;36;1mTask Columns (0.022000)[0m   [0;1mSHOW FIELDS FROM `tasks`[0m
  [4;35;1mTask Load (0.002000)[0m   [0mSELECT * FROM `tasks` WHERE (`tasks`.`id` = 874482577 AND (tasks.project_id = 1060557698)) [0m
Rendering template within layouts/application
Rendering tasks/show
  [4;36;1mMonthlyDetail Load (0.003000)[0m   [0;1mSELECT * FROM `monthly_details` WHERE (monthly_details.task_id = 874482577) [0m
  [4;35;1mMonthlyDetail Columns (0.008000)[0m   [0mSHOW FIELDS FROM `monthly_details`[0m
  [4;36;1mTask Load (0.011000)[0m   [0;1mSELECT * FROM `tasks` WHERE (`tasks`.`id` = 874482577) [0m
  [4;35;1mCACHE (0.000000)[0m   [0mSELECT * FROM `tasks` WHERE (`tasks`.`id` = 874482577) [0m
  [4;36;1mCACHE (0.000000)[0m   [0;1mSELECT * FROM `tasks` WHERE (`tasks`.`id` = 874482577) [0m
  [4;35;1mCACHE (0.000000)[0m   [0mSELECT * FROM `tasks` WHERE (`tasks`.`id` = 874482577) [0m
Completed in 0.33400 (2 reqs/sec) | Rendering: 0.02600 (7%) | DB: 0.06700 (20%) | 200 OK [http://localhost/projects/1060557698/tasks/874482577?edit_plan=]


Processing TasksController#update (for 127.0.0.1 at 2008-02-11 21:33:49) [PUT]
  Session ID: BAh7BiIKZmxhc2hJQzonQWN0aW9uQ29udHJvbGxlcjo6Rmxhc2g6OkZsYXNo%0ASGFzaHsABjoKQHVzZWR7AA%3D%3D--f1d131a662cdf3e338d4a95882de89554f3d39ee
  Parameters: {"commit"=>"Save changes", "project_id"=>"1060557698", "_method"=>"put", "action"=>"update", "id"=>"874482577", "controller"=>"tasks", "monthly_detail"=>{"939326217"=>{"planned_percent_complete"=>"20.0"}, "939326218"=>{"planned_percent_complete"=>"70.0"}, "939326219"=>{"planned_percent_complete"=>"80.0"}, "939326220"=>{"planned_percent_complete"=>"100.0"}}}
  [4;36;1mSQL (0.003000)[0m   [0;1mSHOW TABLES[0m
  [4;35;1mProject Columns (0.019000)[0m   [0mSHOW FIELDS FROM `projects`[0m
  [4;36;1mSQL (0.003000)[0m   [0;1mSHOW TABLES[0m
  [4;35;1mProject Load (0.003000)[0m   [0mSELECT * FROM `projects` ORDER BY updated_at DESC LIMIT 10[0m
  [4;36;1mProject Load (0.001000)[0m   [0;1mSELECT * FROM `projects` WHERE (`projects`.`id` = 1060557698) [0m
  [4;35;1mTask Columns (0.012000)[0m   [0mSHOW FIELDS FROM `tasks`[0m
  [4;36;1mTask Load (0.002000)[0m   [0;1mSELECT * FROM `tasks` WHERE (`tasks`.`id` = 874482577 AND (tasks.project_id = 1060557698)) [0m
  [4;35;1mMonthlyDetail Columns (0.013000)[0m   [0mSHOW FIELDS FROM `monthly_details`[0m
  [4;36;1mMonthlyDetail Load (0.002000)[0m   [0;1mSELECT * FROM `monthly_details` WHERE (monthly_details.task_id = 874482577) AND (`monthly_details`.`id` = 939326217) [0m
  [4;35;1mTask Load (0.002000)[0m   [0mSELECT * FROM `tasks` WHERE (`tasks`.`id` = 874482577) [0m
  [4;36;1mSQL (0.002000)[0m   [0;1mBEGIN[0m
  [4;35;1mMonthlyDetail Update (0.001000)[0m   [0mUPDATE `monthly_details` SET `created_at` = '2008-01-28 02:14:16', `task_id` = 874482577, `date` = '2008-01-01', `actual_spent_in_dollars` = 4000, `planned_complete_in_dollars` = 4000, `actual_completed_in_dollars` = 3000, `updated_at` = '2008-02-12 02:33:49' WHERE `id` = 939326217[0m
  [4;36;1mSQL (0.038000)[0m   [0;1mCOMMIT[0m
  [4;35;1mMonthlyDetail Load (0.002000)[0m   [0mSELECT * FROM `monthly_details` WHERE (monthly_details.task_id = 874482577) AND (`monthly_details`.`id` = 939326218) [0m
  [4;36;1mTask Load (0.003000)[0m   [0;1mSELECT * FROM `tasks` WHERE (`tasks`.`id` = 874482577) [0m
  [4;35;1mSQL (0.001000)[0m   [0mBEGIN[0m
  [4;36;1mMonthlyDetail Update (0.001000)[0m   [0;1mUPDATE `monthly_details` SET `created_at` = '2008-01-28 02:14:16', `task_id` = 874482577, `date` = '2008-02-01', `actual_spent_in_dollars` = NULL, `planned_complete_in_dollars` = 14000, `actual_completed_in_dollars` = 0, `updated_at` = '2008-02-12 02:33:49' WHERE `id` = 939326218[0m
  [4;35;1mSQL (0.044000)[0m   [0mCOMMIT[0m
  [4;36;1mMonthlyDetail Load (0.002000)[0m   [0;1mSELECT * FROM `monthly_details` WHERE (monthly_details.task_id = 874482577) AND (`monthly_details`.`id` = 939326219) [0m
  [4;35;1mTask Load (0.002000)[0m   [0mSELECT * FROM `tasks` WHERE (`tasks`.`id` = 874482577) [0m
  [4;36;1mSQL (0.001000)[0m   [0;1mBEGIN[0m
  [4;35;1mMonthlyDetail Update (0.001000)[0m   [0mUPDATE `monthly_details` SET `created_at` = '2008-01-28 02:14:16', `task_id` = 874482577, `date` = '2008-03-01', `actual_spent_in_dollars` = NULL, `planned_complete_in_dollars` = 16000, `actual_completed_in_dollars` = 0, `updated_at` = '2008-02-12 02:33:49' WHERE `id` = 939326219[0m
  [4;36;1mSQL (0.043000)[0m   [0;1mCOMMIT[0m
  [4;35;1mMonthlyDetail Load (0.002000)[0m   [0mSELECT * FROM `monthly_details` WHERE (monthly_details.task_id = 874482577) AND (`monthly_details`.`id` = 939326220) [0m
  [4;36;1mTask Load (0.002000)[0m   [0;1mSELECT * FROM `tasks` WHERE (`tasks`.`id` = 874482577) [0m
  [4;35;1mSQL (0.001000)[0m   [0mBEGIN[0m
  [4;36;1mMonthlyDetail Update (0.001000)[0m   [0;1mUPDATE `monthly_details` SET `created_at` = '2008-02-12 02:33:36', `task_id` = 874482577, `date` = '2008-04-01', `actual_spent_in_dollars` = NULL, `planned_complete_in_dollars` = 20000, `actual_completed_in_dollars` = NULL, `updated_at` = '2008-02-12 02:33:49' WHERE `id` = 939326220[0m
  [4;35;1mSQL (0.043000)[0m   [0mCOMMIT[0m
Redirected to http://localhost:3000/projects/1060557698/tasks/874482577
Completed in 0.36200 (2 reqs/sec) | DB: 0.25000 (69%) | 302 Found [http://localhost/projects/1060557698/tasks/874482577]


Processing TasksController#show (for 127.0.0.1 at 2008-02-11 21:33:50) [GET]
  Session ID: BAh7BiIKZmxhc2hJQzonQWN0aW9uQ29udHJvbGxlcjo6Rmxhc2g6OkZsYXNo%0ASGFzaHsGOgtub3RpY2UiJ1Rhc2sgT25lIHdhcyBzdWNjZXNzZnVsbHkgdXBk%0AYXRlZC4GOgpAdXNlZHsGOwZU--52e1886996ae90c770e3416b40f5f289359b93c8
  Parameters: {"project_id"=>"1060557698", "action"=>"show", "id"=>"874482577", "controller"=>"tasks"}
  [4;36;1mSQL (0.001000)[0m   [0;1mSHOW TABLES[0m
  [4;35;1mProject Columns (0.014000)[0m   [0mSHOW FIELDS FROM `projects`[0m
  [4;36;1mSQL (0.001000)[0m   [0;1mSHOW TABLES[0m
  [4;35;1mProject Load (0.002000)[0m   [0mSELECT * FROM `projects` ORDER BY updated_at DESC LIMIT 10[0m
  [4;36;1mProject Load (0.002000)[0m   [0;1mSELECT * FROM `projects` WHERE (`projects`.`id` = 1060557698) [0m
  [4;35;1mTask Columns (0.015000)[0m   [0mSHOW FIELDS FROM `tasks`[0m
  [4;36;1mTask Load (0.003000)[0m   [0;1mSELECT * FROM `tasks` WHERE (`tasks`.`id` = 874482577 AND (tasks.project_id = 1060557698)) [0m
Rendering template within layouts/application
Rendering tasks/show
  [4;35;1mMonthlyDetail Load (0.003000)[0m   [0mSELECT * FROM `monthly_details` WHERE (monthly_details.task_id = 874482577) [0m
  [4;36;1mMonthlyDetail Columns (0.013000)[0m   [0;1mSHOW FIELDS FROM `monthly_details`[0m
  [4;35;1mTask Load (0.002000)[0m   [0mSELECT * FROM `tasks` WHERE (`tasks`.`id` = 874482577) [0m
  [4;36;1mCACHE (0.000000)[0m   [0;1mSELECT * FROM `tasks` WHERE (`tasks`.`id` = 874482577) [0m
  [4;35;1mCACHE (0.000000)[0m   [0mSELECT * FROM `tasks` WHERE (`tasks`.`id` = 874482577) [0m
  [4;36;1mCACHE (0.000000)[0m   [0;1mSELECT * FROM `tasks` WHERE (`tasks`.`id` = 874482577) [0m
Completed in 0.16200 (6 reqs/sec) | Rendering: 0.02200 (13%) | DB: 0.05600 (34%) | 200 OK [http://localhost/projects/1060557698/tasks/874482577]


Processing TasksController#extend_end_date (for 127.0.0.1 at 2008-02-11 21:33:58) [PUT]
  Session ID: BAh7BiIKZmxhc2hJQzonQWN0aW9uQ29udHJvbGxlcjo6Rmxhc2g6OkZsYXNo%0ASGFzaHsABjoKQHVzZWR7AA%3D%3D--f1d131a662cdf3e338d4a95882de89554f3d39ee
  Parameters: {"project_id"=>"1060557698", "_method"=>"put", "action"=>"extend_end_date", "id"=>"874482577", "controller"=>"tasks"}
  [4;35;1mSQL (0.002000)[0m   [0mSHOW TABLES[0m
  [4;36;1mProject Columns (0.026000)[0m   [0;1mSHOW FIELDS FROM `projects`[0m
  [4;35;1mSQL (0.003000)[0m   [0mSHOW TABLES[0m
  [4;36;1mProject Load (0.004000)[0m   [0;1mSELECT * FROM `projects` ORDER BY updated_at DESC LIMIT 10[0m
  [4;35;1mProject Load (0.004000)[0m   [0mSELECT * FROM `projects` WHERE (`projects`.`id` = 1060557698) [0m
  [4;36;1mTask Columns (0.015000)[0m   [0;1mSHOW FIELDS FROM `tasks`[0m
  [4;35;1mTask Load (0.003000)[0m   [0mSELECT * FROM `tasks` WHERE (`tasks`.`id` = 874482577 AND (tasks.project_id = 1060557698)) [0m
  [4;36;1mMonthlyDetail Load (0.002000)[0m   [0;1mSELECT * FROM `monthly_details` WHERE (monthly_details.task_id = 874482577) ORDER BY date DESC LIMIT 1[0m
  [4;35;1mMonthlyDetail Columns (0.017000)[0m   [0mSHOW FIELDS FROM `monthly_details`[0m
  [4;36;1mSQL (0.000000)[0m   [0;1mBEGIN[0m
  [4;35;1mMonthlyDetail Create (0.001000)[0m   [0mINSERT INTO `monthly_details` (`planned_complete_in_dollars`, `updated_at`, `actual_completed_in_dollars`, `actual_spent_in_dollars`, `date`, `task_id`, `created_at`) VALUES(20000, '2008-02-12 02:33:58', NULL, NULL, '2008-05-01', 874482577, '2008-02-12 02:33:58')[0m
  [4;36;1mSQL (0.044000)[0m   [0;1mCOMMIT[0m
Redirected to http://localhost:3000/projects/1060557698/tasks/874482577?edit_plan=
Completed in 0.25900 (3 reqs/sec) | DB: 0.12100 (46%) | 302 Found [http://localhost/projects/1060557698/tasks/874482577/extend_end_date]


Processing TasksController#show (for 127.0.0.1 at 2008-02-11 21:33:58) [GET]
  Session ID: BAh7BiIKZmxhc2hJQzonQWN0aW9uQ29udHJvbGxlcjo6Rmxhc2g6OkZsYXNo%0ASGFzaHsGOgtub3RpY2UiM1Rhc2sgT25lIHdhcyBzdWNjZXNzZnVsbHkgZXh0%0AZW5kZWQgYnkgYSBtb250aC4GOgpAdXNlZHsGOwZU--5fe95f612e828ee310d3b40180a058f192ea742b
  Parameters: {"edit_plan"=>"", "project_id"=>"1060557698", "action"=>"show", "id"=>"874482577", "controller"=>"tasks"}
  [4;35;1mSQL (0.002000)[0m   [0mSHOW TABLES[0m
  [4;36;1mProject Columns (0.022000)[0m   [0;1mSHOW FIELDS FROM `projects`[0m
  [4;35;1mSQL (0.014000)[0m   [0mSHOW TABLES[0m
  [4;36;1mProject Load (0.010000)[0m   [0;1mSELECT * FROM `projects` ORDER BY updated_at DESC LIMIT 10[0m
  [4;35;1mProject Load (0.003000)[0m   [0mSELECT * FROM `projects` WHERE (`projects`.`id` = 1060557698) [0m
  [4;36;1mTask Columns (0.025000)[0m   [0;1mSHOW FIELDS FROM `tasks`[0m
  [4;35;1mTask Load (0.002000)[0m   [0mSELECT * FROM `tasks` WHERE (`tasks`.`id` = 874482577 AND (tasks.project_id = 1060557698)) [0m
Rendering template within layouts/application
Rendering tasks/show
  [4;36;1mMonthlyDetail Load (0.016000)[0m   [0;1mSELECT * FROM `monthly_details` WHERE (monthly_details.task_id = 874482577) [0m
  [4;35;1mMonthlyDetail Columns (0.021000)[0m   [0mSHOW FIELDS FROM `monthly_details`[0m
  [4;36;1mTask Load (0.006000)[0m   [0;1mSELECT * FROM `tasks` WHERE (`tasks`.`id` = 874482577) [0m
  [4;35;1mCACHE (0.000000)[0m   [0mSELECT * FROM `tasks` WHERE (`tasks`.`id` = 874482577) [0m
  [4;36;1mCACHE (0.000000)[0m   [0;1mSELECT * FROM `tasks` WHERE (`tasks`.`id` = 874482577) [0m
  [4;35;1mCACHE (0.000000)[0m   [0mSELECT * FROM `tasks` WHERE (`tasks`.`id` = 874482577) [0m
  [4;36;1mCACHE (0.000000)[0m   [0;1mSELECT * FROM `tasks` WHERE (`tasks`.`id` = 874482577) [0m
Completed in 0.42800 (2 reqs/sec) | Rendering: 0.02700 (6%) | DB: 0.12100 (28%) | 200 OK [http://localhost/projects/1060557698/tasks/874482577?edit_plan=]


Processing TasksController#update (for 127.0.0.1 at 2008-02-11 21:34:02) [PUT]
  Session ID: BAh7BiIKZmxhc2hJQzonQWN0aW9uQ29udHJvbGxlcjo6Rmxhc2g6OkZsYXNo%0ASGFzaHsABjoKQHVzZWR7AA%3D%3D--f1d131a662cdf3e338d4a95882de89554f3d39ee
  Parameters: {"commit"=>"Save changes", "project_id"=>"1060557698", "_method"=>"put", "action"=>"update", "id"=>"874482577", "controller"=>"tasks", "monthly_detail"=>{"939326217"=>{"planned_percent_complete"=>"20.0"}, "939326218"=>{"planned_percent_complete"=>"70.0"}, "939326219"=>{"planned_percent_complete"=>"80.0"}, "939326220"=>{"planned_percent_complete"=>"100.0"}, "939326221"=>{"planned_percent_complete"=>"100.0"}}}
  [4;35;1mSQL (0.014000)[0m   [0mSHOW TABLES[0m
  [4;36;1mProject Columns (0.031000)[0m   [0;1mSHOW FIELDS FROM `projects`[0m
  [4;35;1mSQL (0.004000)[0m   [0mSHOW TABLES[0m
  [4;36;1mProject Load (0.004000)[0m   [0;1mSELECT * FROM `projects` ORDER BY updated_at DESC LIMIT 10[0m
  [4;35;1mProject Load (0.002000)[0m   [0mSELECT * FROM `projects` WHERE (`projects`.`id` = 1060557698) [0m
  [4;36;1mTask Columns (0.026000)[0m   [0;1mSHOW FIELDS FROM `tasks`[0m
  [4;35;1mTask Load (0.009000)[0m   [0mSELECT * FROM `tasks` WHERE (`tasks`.`id` = 874482577 AND (tasks.project_id = 1060557698)) [0m
  [4;36;1mMonthlyDetail Columns (0.015000)[0m   [0;1mSHOW FIELDS FROM `monthly_details`[0m
  [4;35;1mMonthlyDetail Load (0.003000)[0m   [0mSELECT * FROM `monthly_details` WHERE (monthly_details.task_id = 874482577) AND (`monthly_details`.`id` = 939326217) [0m
  [4;36;1mTask Load (0.019000)[0m   [0;1mSELECT * FROM `tasks` WHERE (`tasks`.`id` = 874482577) [0m
  [4;35;1mSQL (0.003000)[0m   [0mBEGIN[0m
  [4;36;1mMonthlyDetail Update (0.005000)[0m   [0;1mUPDATE `monthly_details` SET `created_at` = '2008-01-28 02:14:16', `task_id` = 874482577, `date` = '2008-01-01', `actual_spent_in_dollars` = 4000, `planned_complete_in_dollars` = 4000, `actual_completed_in_dollars` = 3000, `updated_at` = '2008-02-12 02:34:02' WHERE `id` = 939326217[0m
  [4;35;1mSQL (0.043000)[0m   [0mCOMMIT[0m
  [4;36;1mMonthlyDetail Load (0.002000)[0m   [0;1mSELECT * FROM `monthly_details` WHERE (monthly_details.task_id = 874482577) AND (`monthly_details`.`id` = 939326218) [0m
  [4;35;1mTask Load (0.014000)[0m   [0mSELECT * FROM `tasks` WHERE (`tasks`.`id` = 874482577) [0m
  [4;36;1mSQL (0.001000)[0m   [0;1mBEGIN[0m
  [4;35;1mMonthlyDetail Update (0.013000)[0m   [0mUPDATE `monthly_details` SET `created_at` = '2008-01-28 02:14:16', `task_id` = 874482577, `date` = '2008-02-01', `actual_spent_in_dollars` = NULL, `planned_complete_in_dollars` = 14000, `actual_completed_in_dollars` = 0, `updated_at` = '2008-02-12 02:34:02' WHERE `id` = 939326218[0m
  [4;36;1mSQL (0.047000)[0m   [0;1mCOMMIT[0m
  [4;35;1mMonthlyDetail Load (0.004000)[0m   [0mSELECT * FROM `monthly_details` WHERE (monthly_details.task_id = 874482577) AND (`monthly_details`.`id` = 939326219) [0m
  [4;36;1mTask Load (0.009000)[0m   [0;1mSELECT * FROM `tasks` WHERE (`tasks`.`id` = 874482577) [0m
  [4;35;1mSQL (0.011000)[0m   [0mBEGIN[0m
  [4;36;1mMonthlyDetail Update (0.011000)[0m   [0;1mUPDATE `monthly_details` SET `created_at` = '2008-01-28 02:14:16', `task_id` = 874482577, `date` = '2008-03-01', `actual_spent_in_dollars` = NULL, `planned_complete_in_dollars` = 16000, `actual_completed_in_dollars` = 0, `updated_at` = '2008-02-12 02:34:02' WHERE `id` = 939326219[0m
  [4;35;1mSQL (0.047000)[0m   [0mCOMMIT[0m
  [4;36;1mMonthlyDetail Load (0.002000)[0m   [0;1mSELECT * FROM `monthly_details` WHERE (monthly_details.task_id = 874482577) AND (`monthly_details`.`id` = 939326220) [0m
  [4;35;1mTask Load (0.002000)[0m   [0mSELECT * FROM `tasks` WHERE (`tasks`.`id` = 874482577) [0m
  [4;36;1mSQL (0.000000)[0m   [0;1mBEGIN[0m
  [4;35;1mMonthlyDetail Update (0.001000)[0m   [0mUPDATE `monthly_details` SET `created_at` = '2008-02-12 02:33:36', `task_id` = 874482577, `date` = '2008-04-01', `actual_spent_in_dollars` = NULL, `planned_complete_in_dollars` = 20000, `actual_completed_in_dollars` = NULL, `updated_at` = '2008-02-12 02:34:02' WHERE `id` = 939326220[0m
  [4;36;1mSQL (0.043000)[0m   [0;1mCOMMIT[0m
  [4;35;1mMonthlyDetail Load (0.001000)[0m   [0mSELECT * FROM `monthly_details` WHERE (monthly_details.task_id = 874482577) AND (`monthly_details`.`id` = 939326221) [0m
  [4;36;1mTask Load (0.002000)[0m   [0;1mSELECT * FROM `tasks` WHERE (`tasks`.`id` = 874482577) [0m
  [4;35;1mSQL (0.000000)[0m   [0mBEGIN[0m
  [4;36;1mMonthlyDetail Update (0.002000)[0m   [0;1mUPDATE `monthly_details` SET `created_at` = '2008-02-12 02:33:58', `task_id` = 874482577, `date` = '2008-05-01', `actual_spent_in_dollars` = NULL, `planned_complete_in_dollars` = 20000, `actual_completed_in_dollars` = NULL, `updated_at` = '2008-02-12 02:34:02' WHERE `id` = 939326221[0m
  [4;35;1mSQL (0.044000)[0m   [0mCOMMIT[0m
Redirected to http://localhost:3000/projects/1060557698/tasks/874482577
Completed in 0.60100 (1 reqs/sec) | DB: 0.43400 (72%) | 302 Found [http://localhost/projects/1060557698/tasks/874482577]


Processing TasksController#show (for 127.0.0.1 at 2008-02-11 21:34:02) [GET]
  Session ID: BAh7BiIKZmxhc2hJQzonQWN0aW9uQ29udHJvbGxlcjo6Rmxhc2g6OkZsYXNo%0ASGFzaHsGOgtub3RpY2UiJ1Rhc2sgT25lIHdhcyBzdWNjZXNzZnVsbHkgdXBk%0AYXRlZC4GOgpAdXNlZHsGOwZU--52e1886996ae90c770e3416b40f5f289359b93c8
  Parameters: {"project_id"=>"1060557698", "action"=>"show", "id"=>"874482577", "controller"=>"tasks"}
  [4;36;1mSQL (0.001000)[0m   [0;1mSHOW TABLES[0m
  [4;35;1mProject Columns (0.011000)[0m   [0mSHOW FIELDS FROM `projects`[0m
  [4;36;1mSQL (0.001000)[0m   [0;1mSHOW TABLES[0m
  [4;35;1mProject Load (0.002000)[0m   [0mSELECT * FROM `projects` ORDER BY updated_at DESC LIMIT 10[0m
  [4;36;1mProject Load (0.001000)[0m   [0;1mSELECT * FROM `projects` WHERE (`projects`.`id` = 1060557698) [0m
  [4;35;1mTask Columns (0.012000)[0m   [0mSHOW FIELDS FROM `tasks`[0m
  [4;36;1mTask Load (0.011000)[0m   [0;1mSELECT * FROM `tasks` WHERE (`tasks`.`id` = 874482577 AND (tasks.project_id = 1060557698)) [0m
Rendering template within layouts/application
Rendering tasks/show
  [4;35;1mMonthlyDetail Load (0.003000)[0m   [0mSELECT * FROM `monthly_details` WHERE (monthly_details.task_id = 874482577) [0m
  [4;36;1mMonthlyDetail Columns (0.016000)[0m   [0;1mSHOW FIELDS FROM `monthly_details`[0m
  [4;35;1mTask Load (0.003000)[0m   [0mSELECT * FROM `tasks` WHERE (`tasks`.`id` = 874482577) [0m
  [4;36;1mCACHE (0.000000)[0m   [0;1mSELECT * FROM `tasks` WHERE (`tasks`.`id` = 874482577) [0m
  [4;35;1mCACHE (0.000000)[0m   [0mSELECT * FROM `tasks` WHERE (`tasks`.`id` = 874482577) [0m
  [4;36;1mCACHE (0.000000)[0m   [0;1mSELECT * FROM `tasks` WHERE (`tasks`.`id` = 874482577) [0m
  [4;35;1mCACHE (0.000000)[0m   [0mSELECT * FROM `tasks` WHERE (`tasks`.`id` = 874482577) [0m
Completed in 0.15600 (6 reqs/sec) | Rendering: 0.02200 (14%) | DB: 0.06100 (39%) | 200 OK [http://localhost/projects/1060557698/tasks/874482577]
